WARN Appium Appium encountered 2 warnings while validating drivers found in manifest /Users/dori/node_modules/.cache/appium/extensions.yaml
WARN Appium Driver "uiautomator2" has 1 potential problem: 
WARN Appium   - Driver "uiautomator2" (package `appium-uiautomator2-driver`) may be incompatible with the current version of Appium (v2.0.1) due to its peer dependency on older Appium v^2.4.1. Please upgrade `appium-uiautomator2-driver` to v3.10.0 or newer.
[35m[Appium][39m Welcome to Appium v2.0.1
[35m[Appium][39m Non-default server args:
[35m[Appium][39m { address: [32m'127.0.0.1'[39m,
[35m[Appium][39m   allowInsecure: [ [32m'chromedriver_autodownload'[39m ],
[35m[Appium][39m   localTimezone: [33mtrue[39m,
[35m[Appium][39m   relaxedSecurityEnabled: [33mtrue[39m,
[35m[Appium][39m   sessionOverride: [33mtrue[39m }
[35m[Appium][39m Attempting to load driver uiautomator2...
[debug] [35m[Appium][39m Requiring driver at /Users/dori/node_modules/appium-uiautomator2-driver
[35m[Appium][39m Attempting to load driver xcuitest...
[debug] [35m[Appium][39m Requiring driver at /Users/dori/node_modules/appium-xcuitest-driver
[35m[Appium][39m Could not load driver 'xcuitest', so it will not be available. Error in loading the driver was: Cannot find module '/Users/dori/node_modules/appium-xcuitest-driver/node_modules/appium-webdriveragent/build/index.js'. Please verify that the package.json has a valid "main" entry
[debug] [35m[Appium][39m Error: Cannot find module '/Users/dori/node_modules/appium-xcuitest-driver/node_modules/appium-webdriveragent/build/index.js'. Please verify that the package.json has a valid "main" entry
[debug] [35m[Appium][39m     at tryPackage (node:internal/modules/cjs/loader:353:19)
[debug] [35m[Appium][39m     at Function.Module._findPath (node:internal/modules/cjs/loader:566:18)
[debug] [35m[Appium][39m     at Function.Module._resolveFilename (node:internal/modules/cjs/loader:919:27)
[debug] [35m[Appium][39m     at Function.Module._load (node:internal/modules/cjs/loader:778:27)
[debug] [35m[Appium][39m     at Module.require (node:internal/modules/cjs/loader:1005:19)
[debug] [35m[Appium][39m     at require (node:internal/modules/cjs/helpers:102:18)
[debug] [35m[Appium][39m     at Object.<anonymous> (/Users/dori/node_modules/appium-xcuitest-driver/lib/driver.js:5:1)
[debug] [35m[Appium][39m     at Module._compile (node:internal/modules/cjs/loader:1105:14)
[debug] [35m[Appium][39m     at Object.Module._extensions..js (node:internal/modules/cjs/loader:1159:10)
[debug] [35m[Appium][39m     at Module.load (node:internal/modules/cjs/loader:981:32)
[debug] [35m[Appium][39m     at Function.Module._load (node:internal/modules/cjs/loader:822:12)
[debug] [35m[Appium][39m     at Module.require (node:internal/modules/cjs/loader:1005:19)
[debug] [35m[Appium][39m     at require (node:internal/modules/cjs/helpers:102:18)
[debug] [35m[Appium][39m     at Object.<anonymous> (/Users/dori/node_modules/appium-xcuitest-driver/index.js:2:1)
[debug] [35m[Appium][39m     at Module._compile (node:internal/modules/cjs/loader:1105:14)
[debug] [35m[Appium][39m     at Object.Module._extensions..js (node:internal/modules/cjs/loader:1159:10)
[debug] [35m[Appium][39m     at Module.load (node:internal/modules/cjs/loader:981:32)
[debug] [35m[Appium][39m     at Function.Module._load (node:internal/modules/cjs/loader:822:12)
[debug] [35m[Appium][39m     at Module.require (node:internal/modules/cjs/loader:1005:19)
[debug] [35m[Appium][39m     at require (node:internal/modules/cjs/helpers:102:18)
[debug] [35m[Appium][39m     at DriverConfig.require (/usr/local/lib/node_modules/appium/lib/extension/extension-config.js:578:23)
[debug] [35m[Appium][39m     at /usr/local/lib/node_modules/appium/lib/extension/index.js:83:46
[debug] [35m[Appium][39m     at Array.map (<anonymous>)
[debug] [35m[Appium][39m     at getActiveDrivers (/usr/local/lib/node_modules/appium/lib/extension/index.js:80:10)
[debug] [35m[Appium][39m     at main (/usr/local/lib/node_modules/appium/lib/main.js:385:41)
[35m[Appium][39m Appium REST http interface listener started on http://127.0.0.1:4723
[35m[Appium][39m Available drivers:
[35m[Appium][39m   - uiautomator2@3.5.1 (automationName 'UiAutomator2')
[35m[Appium][39m   - xcuitest@4.12.2 (automationName 'XCUITest')
[35m[Appium][39m No plugins have been installed. Use the "appium plugin" command to install the one(s) you want to use.
[38;5;0m[HTTP][0m [37m-->[39m [37mGET[39m [37m/wd/hub/status[39m [90m{}[39m
[debug] [38;5;0m[HTTP][0m No route found for /wd/hub/status
[38;5;0m[HTTP][0m [37m<-- GET /wd/hub/status [39m[33m404[39m [90m6 ms - 211[39m [90m[39m
[38;5;0m[HTTP][0m [37m-->[39m [37mGET[39m [37m/wd/hub/status[39m [90m{}[39m
[debug] [38;5;0m[HTTP][0m No route found for /wd/hub/status
[38;5;0m[HTTP][0m [37m<-- GET /wd/hub/status [39m[33m404[39m [90m14 ms - 211[39m [90m[39m
[38;5;0m[HTTP][0m [37m-->[39m [37mGET[39m [37m/wd/hub/status[39m [90m{}[39m
[debug] [38;5;0m[HTTP][0m No route found for /wd/hub/status
[38;5;0m[HTTP][0m [37m<-- GET /wd/hub/status [39m[33m404[39m [90m1 ms - 211[39m [90m[39m
[38;5;0m[HTTP][0m [37m-->[39m [37mGET[39m [37m/wd/hub/status[39m [90m{}[39m
[debug] [38;5;0m[HTTP][0m No route found for /wd/hub/status
[38;5;0m[HTTP][0m [37m<-- GET /wd/hub/status [39m[33m404[39m [90m2 ms - 211[39m [90m[39m
[38;5;0m[HTTP][0m [37m-->[39m [37mGET[39m [37m/wd/hub/status[39m [90m{}[39m
[debug] [38;5;0m[HTTP][0m No route found for /wd/hub/status
[38;5;0m[HTTP][0m [37m<-- GET /wd/hub/status [39m[33m404[39m [90m1 ms - 211[39m [90m[39m
[38;5;0m[HTTP][0m [37m-->[39m [37mGET[39m [37m/wd/hub/status[39m [90m{}[39m
[debug] [38;5;0m[HTTP][0m No route found for /wd/hub/status
[38;5;0m[HTTP][0m [37m<-- GET /wd/hub/status [39m[33m404[39m [90m2 ms - 211[39m [90m[39m
[38;5;0m[HTTP][0m [37m-->[39m [37mGET[39m [37m/wd/hub/status[39m [90m{}[39m
[debug] [38;5;0m[HTTP][0m No route found for /wd/hub/status
[38;5;0m[HTTP][0m [37m<-- GET /wd/hub/status [39m[33m404[39m [90m2 ms - 211[39m [90m[39m
[38;5;0m[HTTP][0m [37m-->[39m [37mGET[39m [37m/wd/hub/status[39m [90m{}[39m
[debug] [38;5;0m[HTTP][0m No route found for /wd/hub/status
[38;5;0m[HTTP][0m [37m<-- GET /wd/hub/status [39m[33m404[39m [90m2 ms - 211[39m [90m[39m
[38;5;0m[HTTP][0m [37m-->[39m [37mGET[39m [37m/wd/hub/status[39m [90m{}[39m
[debug] [38;5;0m[HTTP][0m No route found for /wd/hub/status
[38;5;0m[HTTP][0m [37m<-- GET /wd/hub/status [39m[33m404[39m [90m1 ms - 211[39m [90m[39m
[38;5;0m[HTTP][0m [37m-->[39m [37mGET[39m [37m/wd/hub/status[39m [90m{}[39m
[debug] [38;5;0m[HTTP][0m No route found for /wd/hub/status
[38;5;0m[HTTP][0m [37m<-- GET /wd/hub/status [39m[33m404[39m [90m2 ms - 211[39m [90m[39m
[38;5;0m[HTTP][0m [37m-->[39m [37mGET[39m [37m/wd/hub/status[39m [90m{}[39m
[debug] [38;5;0m[HTTP][0m No route found for /wd/hub/status
[38;5;0m[HTTP][0m [37m<-- GET /wd/hub/status [39m[33m404[39m [90m2 ms - 211[39m [90m[39m
[38;5;0m[HTTP][0m [37m-->[39m [37mGET[39m [37m/wd/hub/status[39m [90m{}[39m
[debug] [38;5;0m[HTTP][0m No route found for /wd/hub/status
[38;5;0m[HTTP][0m [37m<-- GET /wd/hub/status [39m[33m404[39m [90m1 ms - 211[39m [90m[39m
[38;5;0m[HTTP][0m [37m-->[39m [37mGET[39m [37m/wd/hub/status[39m [90m{}[39m
[debug] [38;5;0m[HTTP][0m No route found for /wd/hub/status
[38;5;0m[HTTP][0m [37m<-- GET /wd/hub/status [39m[33m404[39m [90m1 ms - 211[39m [90m[39m
[38;5;0m[HTTP][0m [37m-->[39m [37mGET[39m [37m/wd/hub/status[39m [90m{}[39m
[debug] [38;5;0m[HTTP][0m No route found for /wd/hub/status
[38;5;0m[HTTP][0m [37m<-- GET /wd/hub/status [39m[33m404[39m [90m2 ms - 211[39m [90m[39m
[38;5;0m[HTTP][0m [37m-->[39m [37mGET[39m [37m/wd/hub/status[39m [90m{}[39m
[debug] [38;5;0m[HTTP][0m No route found for /wd/hub/status
[38;5;0m[HTTP][0m [37m<-- GET /wd/hub/status [39m[33m404[39m [90m1 ms - 211[39m [90m[39m
[38;5;0m[HTTP][0m [37m-->[39m [37mGET[39m [37m/wd/hub/status[39m [90m{}[39m
[debug] [38;5;0m[HTTP][0m No route found for /wd/hub/status
[38;5;0m[HTTP][0m [37m<-- GET /wd/hub/status [39m[33m404[39m [90m2 ms - 211[39m [90m[39m
[38;5;0m[HTTP][0m [37m-->[39m [37mGET[39m [37m/wd/hub/status[39m [90m{}[39m
[debug] [38;5;0m[HTTP][0m No route found for /wd/hub/status
[38;5;0m[HTTP][0m [37m<-- GET /wd/hub/status [39m[33m404[39m [90m1 ms - 211[39m [90m[39m
[38;5;0m[HTTP][0m [37m-->[39m [37mGET[39m [37m/wd/hub/status[39m [90m{}[39m
[debug] [38;5;0m[HTTP][0m No route found for /wd/hub/status
[38;5;0m[HTTP][0m [37m<-- GET /wd/hub/status [39m[33m404[39m [90m1 ms - 211[39m [90m[39m
[38;5;0m[HTTP][0m [37m-->[39m [37mGET[39m [37m/wd/hub/status[39m [90m{}[39m
[debug] [38;5;0m[HTTP][0m No route found for /wd/hub/status
[38;5;0m[HTTP][0m [37m<-- GET /wd/hub/status [39m[33m404[39m [90m2 ms - 211[39m [90m[39m
[38;5;0m[HTTP][0m [37m-->[39m [37mGET[39m [37m/wd/hub/status[39m [90m{}[39m
[debug] [38;5;0m[HTTP][0m No route found for /wd/hub/status
[38;5;0m[HTTP][0m [37m<-- GET /wd/hub/status [39m[33m404[39m [90m2 ms - 211[39m [90m[39m
[38;5;0m[HTTP][0m [37m-->[39m [37mGET[39m [37m/wd/hub/status[39m [90m{}[39m
[debug] [38;5;0m[HTTP][0m No route found for /wd/hub/status
[38;5;0m[HTTP][0m [37m<-- GET /wd/hub/status [39m[33m404[39m [90m1 ms - 211[39m [90m[39m
[38;5;0m[HTTP][0m [37m-->[39m [37mGET[39m [37m/wd/hub/status[39m [90m{}[39m
[debug] [38;5;0m[HTTP][0m No route found for /wd/hub/status
[38;5;0m[HTTP][0m [37m<-- GET /wd/hub/status [39m[33m404[39m [90m1 ms - 211[39m [90m[39m
[38;5;0m[HTTP][0m [37m-->[39m [37mGET[39m [37m/wd/hub/status[39m [90m{}[39m
[debug] [38;5;0m[HTTP][0m No route found for /wd/hub/status
[38;5;0m[HTTP][0m [37m<-- GET /wd/hub/status [39m[33m404[39m [90m2 ms - 211[39m [90m[39m
[38;5;0m[HTTP][0m [37m-->[39m [37mGET[39m [37m/wd/hub/status[39m [90m{}[39m
[debug] [38;5;0m[HTTP][0m No route found for /wd/hub/status
[38;5;0m[HTTP][0m [37m<-- GET /wd/hub/status [39m[33m404[39m [90m2 ms - 211[39m [90m[39m
[38;5;0m[HTTP][0m [37m-->[39m [37mGET[39m [37m/wd/hub/status[39m [90m{}[39m
[debug] [38;5;0m[HTTP][0m No route found for /wd/hub/status
[38;5;0m[HTTP][0m [37m<-- GET /wd/hub/status [39m[33m404[39m [90m1 ms - 211[39m [90m[39m
[38;5;0m[HTTP][0m [37m-->[39m [37mGET[39m [37m/wd/hub/status[39m [90m{}[39m
[debug] [38;5;0m[HTTP][0m No route found for /wd/hub/status
[38;5;0m[HTTP][0m [37m<-- GET /wd/hub/status [39m[33m404[39m [90m1 ms - 211[39m [90m[39m
[38;5;0m[HTTP][0m [37m-->[39m [37mGET[39m [37m/wd/hub/status[39m [90m{}[39m
[debug] [38;5;0m[HTTP][0m No route found for /wd/hub/status
[38;5;0m[HTTP][0m [37m<-- GET /wd/hub/status [39m[33m404[39m [90m1 ms - 211[39m [90m[39m
[35m[Appium][39m Received SIGTERM - shutting down
[debug] [38;5;16m[AppiumDriver@5119][0m There are no active sessions for cleanup
[38;5;0m[HTTP][0m Closing Appium HTTP server
[38;5;0m[HTTP][0m Appium HTTP server has been succesfully closed after 0ms
